2022-03-24 23:36:02,764 - tool.train - INFO - {'AUXILIARY_FILE': 'D:\\pose\\pain\\data\\pain_data\\annotation\\split\\second_label.json',
 'CHECKPOINTS_FOLD': 'checkpoints',
 'CROP_IMAGE': '',
 'DATA': {'AUG': True,
          'BALANCE_POLICY': 2,
          'CLIP_LENGTH': 8,
          'CROP_THRESHOLD': [300, 450, 600],
          'DATA_TYPE': 'simple',
          'EXTRA_LABEL': False,
          'MEAN': [0.45, 0.45, 0.45],
          'MEAN_FLOW': [],
          'REQUIRE_AUX': False,
          'STD': [0.225, 0.225, 0.225],
          'STD_FLOW': []},
 'DATASET_PATH': 'D:\\pose\\pain\\data\\pain_data',
 'ENABLE_TEST': False,
 'ENABLE_TRAIN': True,
 'ENABLE_VAL': True,
 'FLOW_IMAGE': '',
 'FORMAT_DATASET': True,
 'KEYPOINT_FILE': '',
 'MODEL': {'ATTENTION': True,
           'BILINEAR_OUT_DIM': 512,
           'CLSTM_HIDDEN_SIZE': 32,
           'FUSION_METHOD': 'Add',
           'IMG_SIZE': (112, 112),
           'LSTM_HIDDEN_SIZE': 32,
           'LSTM_INPUT_SIZE': 34,
           'MODEL_NAME': 'Flow_model',
           'NUM_CLSTM_LAYERS': 4,
           'NUM_LABELS': 2,
           'NUM_LSTM_LAYERS': 4,
           'TYPE': 'flow'},
 'NUM_GPUS': 1,
 'OUT_DIR': 'out',
 'RNG_SEED': 1,
 'RUN': {'AUTO_RESUME': True,
         'NUM_WORKS': 2,
         'SAVE_LAST': 5,
         'SAVE_STEP': 3,
         'TEST_BATCH_SIZE': 1,
         'TRAIN_BATCH_SIZE': 16},
 'SAVE_PREDS': True,
 'SOLVER': {'BASE_LR': 0.01,
            'COSINE_AFTER_WARMUP': False,
            'COSINE_END_LR': 0.0,
            'DAMPENING': 0.0,
            'LRS': [1, 0.1, 0.01, 0.001],
            'LR_POLICY': 'steps_with_relative_lrs',
            'MAX_EPOCH': 80,
            'METHOD': 'adam',
            'MOMENTUM': 0.9,
            'NESTEROV': True,
            'STEPS': [0, 32, 46, 60],
            'WARMUP_EPOCHS': 20,
            'WARMUP_START_LR': 0.01,
            'WEIGHT_DECAY': 0.0001},
 'TEST_INITIAL_WEIGHT': '',
 'TEST_RECORD': '',
 'TRAIN_INITIAL_WEIGHT': '',
 'TRAIN_RECORD': '',
 'TRAIN_TEST_SPLIT': '',
 'VAL_RECORD': ''}
2022-03-24 23:36:04,026 - lib.utils.meter - INFO - save train record in out\train_record\checkpoints.csv
2022-03-24 23:36:04,026 - lib.utils.meter - INFO - save val record in out\val_record\checkpoints.csv
2022-03-24 23:36:04,026 - tool.train - INFO - start load dataset
2022-03-24 23:36:05,151 - lib.data_build.data_loader - INFO - pain: 4788,not_pain: 7006,train: 11794
2022-03-24 23:36:05,333 - lib.data_build.data_loader - INFO - pain: 239,not_pain: 497,test: 736
2022-03-24 23:36:05,338 - tool.train - INFO - start epoch 0
