[2022-01-01 17:57:05] {733943839.py:2} INFO - train
[2022-01-01 18:07:23] {733943839.py:2} INFO - train
[2022-01-01 18:09:51] {733943839.py:2} INFO - train
[2022-01-01 18:19:32] {1823395563.py:2} INFO - train
[2022-01-01 18:20:18] {524100513.py:2} INFO - go
[2022-01-01 18:22:04] {739409473.py:2} INFO - gog
[2022-01-01 18:23:10] {739409473.py:2} INFO - gog
[2022-01-01 18:30:15] {2044193146.py:3} INFO - set

[2022-01-01 18:30:15] {2044193146.py:3} INFO - set

[2022-01-01 18:30:15] {2044193146.py:3} INFO - set
gog
[2022-01-01 18:23:10] {739409473.py:2} INFO - gog
[2022-01-01 18:30:15] {2044193146.py:3} INFO - set

[2022-01-01 18:30:15] {2044193146.py:3} INFO - set
gog
[2022-01-01 18:23:10] {739409473.py:2} INFO - gog
[2022-01-01 18:30:15] {2044193146.py:3} INFO - set

[2022-01-01 18:30:15] {2044193146.py:3} INFO - set
- train
[2022-01-01 18:20:18] {524100513.py:2} INFO - go
[2022-01-01 18:20:18] {524100513.py:2} INFO - go
[2022-01-01 18:22:04] {739409473.py:2} INFO - gog
[2022-01-01 18:22:04] {739409473.py:2} INFO - gog
[2022-01-01 18:23:10] {739409473.py:2} INFO - gog
[2022-01-01 18:23:10] {739409473.py:2} INFO - gog
[2022-01-01 18:30:15] {2044193146.py:3} INFO - set
[2022-01-01 18:30:15] {2044193146.py:3} INFO - set
